# JRE version: Java(TM) SE Runtime Environment (7.0_79-b15) (build 1.7.0_79-b15)
# Java VM: Java HotSpot(TM) 64-Bit Server VM (24.79-b02 mixed mode windows-amd64 compressed oops)
Heap
 PSYoungGen      total 76288K, used 76272K [0x00000000f0000000, 0x00000000f9500000, 0x0000000100000000)
  eden space 65536K, 100% used [0x00000000f0000000,0x00000000f4000000,0x00000000f4000000)
  from space 10752K, 99% used [0x00000000f4000000,0x00000000f4a7c1a8,0x00000000f4a80000)
  to   space 10752K, 96% used [0x00000000f8a80000,0x00000000f949d918,0x00000000f9500000)
 ParOldGen       total 173568K, used 9872K [0x00000000d0000000, 0x00000000da980000, 0x00000000f0000000)
  object space 173568K, 5% used [0x00000000d0000000,0x00000000d09a42b0,0x00000000da980000)
 PSPermGen       total 42496K, used 42148K [0x00000000b8000000, 0x00000000ba980000, 0x00000000d0000000)
  object space 42496K, 99% used [0x00000000b8000000,0x00000000ba929110,0x00000000ba980000)
GC Heap History (7 events):
Event: 1.238 GC heap before
{Heap before GC invocations=1 (full 0):
 PSYoungGen      total 76288K, used 65536K [0x00000000f0000000, 0x00000000f5500000, 0x0000000100000000)
  eden space 65536K, 100% used [0x00000000f0000000,0x00000000f4000000,0x00000000f4000000)
  from space 10752K, 0% used [0x00000000f4a80000,0x00000000f4a80000,0x00000000f5500000)
  to   space 10752K, 0% used [0x00000000f4000000,0x00000000f4000000,0x00000000f4a80000)
 ParOldGen       total 173568K, used 0K [0x00000000d0000000, 0x00000000da980000, 0x00000000f0000000)
  object space 173568K, 0% used [0x00000000d0000000,0x00000000d0000000,0x00000000da980000)
 PSPermGen       total 21504K, used 17462K [0x00000000b8000000, 0x00000000b9500000, 0x00000000d0000000)
  object space 21504K, 81% used [0x00000000b8000000,0x00000000b910d8f8,0x00000000b9500000)
Event: 1.250 GC heap after
Heap after GC invocations=1 (full 0):
 PSYoungGen      total 76288K, used 10747K [0x00000000f0000000, 0x00000000f5500000, 0x0000000100000000)
  eden space 65536K, 0% used [0x00000000f0000000,0x00000000f0000000,0x00000000f4000000)
  from space 10752K, 99% used [0x00000000f4000000,0x00000000f4a7ef58,0x00000000f4a80000)
  to   space 10752K, 0% used [0x00000000f4a80000,0x00000000f4a80000,0x00000000f5500000)
 ParOldGen       total 173568K, used 1669K [0x00000000d0000000, 0x00000000da980000, 0x00000000f0000000)
  object space 173568K, 0% used [0x00000000d0000000,0x00000000d01a1468,0x00000000da980000)
 PSPermGen       total 21504K, used 17462K [0x00000000b8000000, 0x00000000b9500000, 0x00000000d0000000)
  object space 21504K, 81% used [0x00000000b8000000,0x00000000b910d8f8,0x00000000b9500000)
}
Event: 2.151 GC heap before
{Heap before GC invocations=2 (full 0):
 PSYoungGen      total 76288K, used 76283K [0x00000000f0000000, 0x00000000f5500000, 0x0000000100000000)
  eden space 65536K, 100% used [0x00000000f0000000,0x00000000f4000000,0x00000000f4000000)
  from space 10752K, 99% used [0x00000000f4000000,0x00000000f4a7ef58,0x00000000f4a80000)
  to   space 10752K, 0% used [0x00000000f4a80000,0x00000000f4a80000,0x00000000f5500000)
 ParOldGen       total 173568K, used 1669K [0x00000000d0000000, 0x00000000da980000, 0x00000000f0000000)
  object space 173568K, 0% used [0x00000000d0000000,0x00000000d01a1468,0x00000000da980000)
 PSPermGen       total 31744K, used 31316K [0x00000000b8000000, 0x00000000b9f00000, 0x00000000d0000000)
  object space 31744K, 98% used [0x00000000b8000000,0x00000000b9e95050,0x00000000b9f00000)
Event: 2.164 GC heap after
Heap after GC invocations=2 (full 0):
 PSYoungGen      total 76288K, used 10728K [0x00000000f0000000, 0x00000000f9500000, 0x0000000100000000)
  eden space 65536K, 0% used [0x00000000f0000000,0x00000000f0000000,0x00000000f4000000)
  from space 10752K, 99% used [0x00000000f4a80000,0x00000000f54fa178,0x00000000f5500000)
  to   space 10752K, 0% used [0x00000000f4000000,0x00000000f4000000,0x00000000f4a80000)
 ParOldGen       total 173568K, used 7163K [0x00000000d0000000, 0x00000000da980000, 0x00000000f0000000)
  object space 173568K, 4% used [0x00000000d0000000,0x00000000d06fedd8,0x00000000da980000)
 PSPermGen       total 31744K, used 31316K [0x00000000b8000000, 0x00000000b9f00000, 0x00000000d0000000)
  object space 31744K, 98% used [0x00000000b8000000,0x00000000b9e95050,0x00000000b9f00000)
}
Event: 2.995 GC heap before
{Heap before GC invocations=3 (full 0):
 PSYoungGen      total 76288K, used 76264K [0x00000000f0000000, 0x00000000f9500000, 0x0000000100000000)
  eden space 65536K, 100% used [0x00000000f0000000,0x00000000f4000000,0x00000000f4000000)
  from space 10752K, 99% used [0x00000000f4a80000,0x00000000f54fa178,0x00000000f5500000)
  to   space 10752K, 0% used [0x00000000f4000000,0x00000000f4000000,0x00000000f4a80000)
 ParOldGen       total 173568K, used 7163K [0x00000000d0000000, 0x00000000da980000, 0x00000000f0000000)
  object space 173568K, 4% used [0x00000000d0000000,0x00000000d06fedd8,0x00000000da980000)
 PSPermGen       total 39424K, used 39357K [0x00000000b8000000, 0x00000000ba680000, 0x00000000d0000000)
  object space 39424K, 99% used [0x00000000b8000000,0x00000000ba66f708,0x00000000ba680000)
Event: 3.009 GC heap after
Heap after GC invocations=3 (full 0):
 PSYoungGen      total 76288K, used 10736K [0x00000000f0000000, 0x00000000f9500000, 0x0000000100000000)
  eden space 65536K, 0% used [0x00000000f0000000,0x00000000f0000000,0x00000000f4000000)
  from space 10752K, 99% used [0x00000000f4000000,0x00000000f4a7c1a8,0x00000000f4a80000)
  to   space 10752K, 0% used [0x00000000f8a80000,0x00000000f8a80000,0x00000000f9500000)
 ParOldGen       total 173568K, used 9864K [0x00000000d0000000, 0x00000000da980000, 0x00000000f0000000)
  object space 173568K, 5% used [0x00000000d0000000,0x00000000d09a22b0,0x00000000da980000)
 PSPermGen       total 39424K, used 39357K [0x00000000b8000000, 0x00000000ba680000, 0x00000000d0000000)
  object space 39424K, 99% used [0x00000000b8000000,0x00000000ba66f708,0x00000000ba680000)
}
Event: 3.663 GC heap before
{Heap before GC invocations=4 (full 0):
 PSYoungGen      total 76288K, used 76272K [0x00000000f0000000, 0x00000000f9500000, 0x0000000100000000)
  eden space 65536K, 100% used [0x00000000f0000000,0x00000000f4000000,0x00000000f4000000)
  from space 10752K, 99% used [0x00000000f4000000,0x00000000f4a7c1a8,0x00000000f4a80000)
  to   space 10752K, 0% used [0x00000000f8a80000,0x00000000f8a80000,0x00000000f9500000)
 ParOldGen       total 173568K, used 9864K [0x00000000d0000000, 0x00000000da980000, 0x00000000f0000000)
  object space 173568K, 5% used [0x00000000d0000000,0x00000000d09a22b0,0x00000000da980000)
 PSPermGen       total 42496K, used 42148K [0x00000000b8000000, 0x00000000ba980000, 0x00000000d0000000)
  object space 42496K, 99% used [0x00000000b8000000,0x00000000ba929110,0x00000000ba980000)

